2025-05-21 22:13:05,285 - Node 5 - INFO - Heartbeat thread started
2025-05-21 22:13:05,285 - Node 5 - INFO - Server initialized with heartbeat thread
2025-05-21 22:13:10,289 - Node 5 - INFO - Node 5: Neighbors [0, 1, 4, 2]
2025-05-21 22:13:10,290 - Node 5 - INFO - Node 5: Live nodes after 5s: [0, 1, 2, 3, 4, 5]
2025-05-21 22:13:10,290 - Node 5 - INFO - Node 5: Heartbeat table details:
2025-05-21 22:13:10,290 - Node 5 - INFO -   Node 0: Counter=19, Alive=True, Time=1747890789.82942
2025-05-21 22:13:10,290 - Node 5 - INFO -   Node 1: Counter=19, Alive=True, Time=1747890789.828964
2025-05-21 22:13:10,290 - Node 5 - INFO -   Node 2: Counter=19, Alive=True, Time=1747890789.829032
2025-05-21 22:13:10,290 - Node 5 - INFO -   Node 3: Counter=19, Alive=True, Time=1747890789.8289542
2025-05-21 22:13:10,290 - Node 5 - INFO -   Node 4: Counter=19, Alive=True, Time=1747890789.828949
2025-05-21 22:13:10,290 - Node 5 - INFO -   Node 5: Counter=20, Alive=True, Time=1747890790.0847769
2025-05-21 22:13:20,295 - Node 5 - INFO - Node 5: Live nodes after failure: [0, 1, 3, 4, 5]
2025-05-21 22:13:20,295 - Node 5 - INFO - Node 5: PASS - Node 2 correctly identified as dead
2025-05-21 22:13:20,296 - Node 5 - INFO - Node 5: Heartbeat table details:
2025-05-21 22:13:20,296 - Node 5 - INFO -   Node 0: Counter=60, Alive=True, Time=1747890800.1971998
2025-05-21 22:13:20,296 - Node 5 - INFO -   Node 1: Counter=59, Alive=True, Time=1747890799.951893
2025-05-21 22:13:20,296 - Node 5 - INFO -   Node 3: Counter=59, Alive=True, Time=1747890799.951894
2025-05-21 22:13:20,296 - Node 5 - INFO -   Node 4: Counter=59, Alive=True, Time=1747890799.95192
2025-05-21 22:13:20,296 - Node 5 - INFO -   Node 5: Counter=60, Alive=True, Time=1747890800.202534
2025-05-21 22:13:20,296 - Node 5 - INFO - Stopping heartbeat thread
2025-05-21 22:13:20,453 - Node 5 - INFO - Heartbeat thread stopped
