2025-05-21 22:13:05,285 - Node 3 - INFO - Heartbeat thread started
2025-05-21 22:13:05,285 - Node 3 - INFO - Server initialized with heartbeat thread
2025-05-21 22:13:10,289 - Node 3 - INFO - Node 3: Neighbors [5, 1, 0, 2]
2025-05-21 22:13:10,289 - Node 3 - INFO - Node 3: Live nodes after 5s: [0, 1, 2, 3, 4, 5]
2025-05-21 22:13:10,289 - Node 3 - INFO - Node 3: Heartbeat table details:
2025-05-21 22:13:10,289 - Node 3 - INFO -   Node 0: Counter=18, Alive=True, Time=1747890789.578676
2025-05-21 22:13:10,289 - Node 3 - INFO -   Node 1: Counter=19, Alive=True, Time=1747890789.828964
2025-05-21 22:13:10,289 - Node 3 - INFO -   Node 2: Counter=19, Alive=True, Time=1747890789.829032
2025-05-21 22:13:10,289 - Node 3 - INFO -   Node 3: Counter=20, Alive=True, Time=1747890790.0798259
2025-05-21 22:13:10,289 - Node 3 - INFO -   Node 4: Counter=17, Alive=True, Time=1747890789.326339
2025-05-21 22:13:10,289 - Node 3 - INFO -   Node 5: Counter=16, Alive=True, Time=1747890789.0814168
2025-05-21 22:13:20,295 - Node 3 - INFO - Node 3: Live nodes after failure: [0, 1, 3, 4, 5]
2025-05-21 22:13:20,295 - Node 3 - INFO - Node 3: PASS - Node 2 correctly identified as dead
2025-05-21 22:13:20,295 - Node 3 - INFO - Node 3: Heartbeat table details:
2025-05-21 22:13:20,296 - Node 3 - INFO -   Node 0: Counter=60, Alive=True, Time=1747890800.1971998
2025-05-21 22:13:20,296 - Node 3 - INFO -   Node 1: Counter=59, Alive=True, Time=1747890799.951893
2025-05-21 22:13:20,296 - Node 3 - INFO -   Node 3: Counter=60, Alive=True, Time=1747890800.202534
2025-05-21 22:13:20,296 - Node 3 - INFO -   Node 4: Counter=57, Alive=True, Time=1747890799.4505658
2025-05-21 22:13:20,296 - Node 3 - INFO -   Node 5: Counter=57, Alive=True, Time=1747890799.4505541
2025-05-21 22:13:20,296 - Node 3 - INFO - Stopping heartbeat thread
2025-05-21 22:13:20,453 - Node 3 - INFO - Heartbeat thread stopped
