2025-05-21 22:13:05,285 - Node 1 - INFO - Heartbeat thread started
2025-05-21 22:13:05,285 - Node 1 - INFO - Server initialized with heartbeat thread
2025-05-21 22:13:10,289 - Node 1 - INFO - Node 1: Neighbors [2, 5, 0, 3]
2025-05-21 22:13:10,289 - Node 1 - INFO - Node 1: Live nodes after 5s: [0, 1, 2, 3, 4, 5]
2025-05-21 22:13:10,289 - Node 1 - INFO - Node 1: Heartbeat table details:
2025-05-21 22:13:10,289 - Node 1 - INFO -   Node 0: Counter=18, Alive=True, Time=1747890789.578676
2025-05-21 22:13:10,289 - Node 1 - INFO -   Node 1: Counter=20, Alive=True, Time=1747890790.079799
2025-05-21 22:13:10,289 - Node 1 - INFO -   Node 2: Counter=19, Alive=True, Time=1747890789.829032
2025-05-21 22:13:10,289 - Node 1 - INFO -   Node 3: Counter=19, Alive=True, Time=1747890789.8289542
2025-05-21 22:13:10,289 - Node 1 - INFO -   Node 4: Counter=19, Alive=True, Time=1747890789.828949
2025-05-21 22:13:10,289 - Node 1 - INFO -   Node 5: Counter=18, Alive=True, Time=1747890789.583732
2025-05-21 22:13:20,295 - Node 1 - INFO - Node 1: Live nodes after failure: [0, 1, 3, 4, 5]
2025-05-21 22:13:20,295 - Node 1 - INFO - Node 1: PASS - Node 2 correctly identified as dead
2025-05-21 22:13:20,295 - Node 1 - INFO - Node 1: Heartbeat table details:
2025-05-21 22:13:20,296 - Node 1 - INFO -   Node 0: Counter=60, Alive=True, Time=1747890800.1971998
2025-05-21 22:13:20,296 - Node 1 - INFO -   Node 1: Counter=60, Alive=True, Time=1747890800.202534
2025-05-21 22:13:20,296 - Node 1 - INFO -   Node 3: Counter=59, Alive=True, Time=1747890799.951894
2025-05-21 22:13:20,296 - Node 1 - INFO -   Node 4: Counter=59, Alive=True, Time=1747890799.95192
2025-05-21 22:13:20,296 - Node 1 - INFO -   Node 5: Counter=59, Alive=True, Time=1747890799.951912
2025-05-21 22:13:20,296 - Node 1 - INFO - Stopping heartbeat thread
2025-05-21 22:13:20,453 - Node 1 - INFO - Heartbeat thread stopped
