2025-05-21 22:13:05,285 - Node 0 - INFO - Heartbeat thread started
2025-05-21 22:13:05,285 - Node 0 - INFO - Server initialized with heartbeat thread
2025-05-21 22:13:10,289 - Node 0 - INFO - Node 0: Neighbors [5, 1, 3, 4]
2025-05-21 22:13:10,289 - Node 0 - INFO - Node 0: Live nodes after 5s: [0, 1, 2, 3, 4, 5]
2025-05-21 22:13:10,289 - Node 0 - INFO - Node 0: Heartbeat table details:
2025-05-21 22:13:10,289 - Node 0 - INFO -   Node 0: Counter=20, Alive=True, Time=1747890790.079922
2025-05-21 22:13:10,289 - Node 0 - INFO -   Node 1: Counter=19, Alive=True, Time=1747890789.828964
2025-05-21 22:13:10,289 - Node 0 - INFO -   Node 2: Counter=19, Alive=True, Time=1747890789.829032
2025-05-21 22:13:10,289 - Node 0 - INFO -   Node 3: Counter=19, Alive=True, Time=1747890789.8289542
2025-05-21 22:13:10,289 - Node 0 - INFO -   Node 4: Counter=19, Alive=True, Time=1747890789.828949
2025-05-21 22:13:10,289 - Node 0 - INFO -   Node 5: Counter=18, Alive=True, Time=1747890789.583732
2025-05-21 22:13:20,295 - Node 0 - INFO - Node 0: Live nodes after failure: [0, 1, 3, 4, 5]
2025-05-21 22:13:20,295 - Node 0 - INFO - Node 0: PASS - Node 2 correctly identified as dead
2025-05-21 22:13:20,296 - Node 0 - INFO - Node 0: Heartbeat table details:
2025-05-21 22:13:20,296 - Node 0 - INFO -   Node 0: Counter=60, Alive=True, Time=1747890800.1971998
2025-05-21 22:13:20,296 - Node 0 - INFO -   Node 1: Counter=58, Alive=True, Time=1747890799.7011468
2025-05-21 22:13:20,296 - Node 0 - INFO -   Node 3: Counter=58, Alive=True, Time=1747890799.7011142
2025-05-21 22:13:20,296 - Node 0 - INFO -   Node 4: Counter=58, Alive=True, Time=1747890799.7011251
2025-05-21 22:13:20,296 - Node 0 - INFO -   Node 5: Counter=58, Alive=True, Time=1747890799.701143
2025-05-21 22:13:20,296 - Node 0 - INFO - Stopping heartbeat thread
2025-05-21 22:13:20,447 - Node 0 - INFO - Heartbeat thread stopped
