2025-05-26 20:35:49,486 - Node 4 - INFO - Node 4 initialized. N=3, W=2, R=2
2025-05-26 20:35:49,487 - Node 4 - INFO - Heartbeat thread started
2025-05-26 20:35:49,487 - Node 4 - INFO - Server initialized with heartbeat thread
2025-05-26 20:35:49,487 - Node 4 - INFO - Server initialized with client thread
2025-05-26 20:35:49,488 - Node 4 - INFO - Server initialized with helper thread
2025-05-26 20:35:49,488 - Node 4 - INFO - Node 4: Starting database operations test (N=3, W=2, R=2).
2025-05-26 20:35:50,488 - Node 4 - WARNING - Helper thread timed out (may happen when db.Stop() is called)
2025-05-26 20:35:50,488 - Node 4 - WARNING - Client thread timed out (may happen when db.Stop() is called)
2025-05-26 20:35:51,489 - Node 4 - WARNING - Client thread timed out (may happen when db.Stop() is called)
2025-05-26 20:35:51,489 - Node 4 - WARNING - Helper thread timed out (may happen when db.Stop() is called)
2025-05-26 20:35:52,490 - Node 4 - WARNING - Helper thread timed out (may happen when db.Stop() is called)
2025-05-26 20:35:52,490 - Node 4 - WARNING - Client thread timed out (may happen when db.Stop() is called)
2025-05-26 20:35:52,494 - Node 4 - INFO - Node 4: Attempting PUT for key 'testKey4_1' with value 'valueForNode4'
2025-05-26 20:35:52,494 - Node 4 - INFO - Client 4 initiating 'PUT' for key: testKey4_1
2025-05-26 20:35:52,495 - Node 4 - INFO - Client 4 initiating 'PUT' for key: testKey5_1
2025-05-26 20:35:52,495 - Node 4 - INFO - Client 4 preference list for 'PUT': [np.int64(4), np.int64(2), np.int64(1)]
2025-05-26 20:35:52,496 - Node 4 - INFO - Client 4 received confirm put from 5
2025-05-26 20:35:52,497 - Node 4 - INFO - Client 4 received confirm put from 3
2025-05-26 20:35:52,498 - Node 4 - INFO - Helper 4 received commit request from 5 to replicate valueForNode3 for key testKey3_1
2025-05-26 20:35:52,498 - Node 4 - INFO - database state: {'testKey3_1': 'valueForNode3'}
2025-05-26 20:35:52,498 - Node 4 - INFO - Helper 4 received commit request from 3 to replicate valueForNode0 for key testKey0_1
2025-05-26 20:35:52,498 - Node 4 - INFO - Client 4 received final response for PUT key 'testKey4_1': Status SUCCESS
2025-05-26 20:35:52,499 - Node 4 - INFO - database state: {'testKey3_1': 'valueForNode3', 'testKey5_1': 'valueForNode5', 'testKey0_1': 'valueForNode0'}
2025-05-26 20:35:52,499 - Node 4 - INFO - Node 0: PUT for 'testKey4_1' reported SUCCESS.
2025-05-26 20:35:52,499 - Node 4 - INFO - Node 4: Attempting PUT for key 'testKey4_2' with value '[4, 5, 6]'
2025-05-26 20:35:52,499 - Node 4 - INFO - Client 4 initiating 'PUT' for key: testKey4_2
2025-05-26 20:35:52,507 - Node 4 - INFO - Client 4 received confirm put from 0
2025-05-26 20:35:52,509 - Node 4 - INFO - Helper 4 received commit request from 0 to replicate [1, 2, 3] for key testKey1_2
2025-05-26 20:35:52,509 - Node 4 - INFO - database state: {'testKey3_1': 'valueForNode3', 'testKey5_1': 'valueForNode5', 'testKey0_1': 'valueForNode0', 'testKey1_2': [1, 2, 3]}
2025-05-26 20:35:52,509 - Node 4 - INFO - Client 4 received confirm put from 3
2025-05-26 20:35:52,512 - Node 4 - INFO - Helper 4 received commit request from 3 to replicate [4, 5, 6] for key testKey4_2
2025-05-26 20:35:52,512 - Node 4 - INFO - database state: {'testKey3_1': 'valueForNode3', 'testKey5_1': 'valueForNode5', 'testKey0_1': 'valueForNode0', 'testKey1_2': [1, 2, 3], 'testKey4_2': [4, 5, 6]}
2025-05-26 20:35:52,513 - Node 4 - INFO - Client 4 received final response for PUT key 'testKey4_2': Status SUCCESS
2025-05-26 20:35:52,513 - Node 4 - INFO - Node 0: PUT for 'testKey4_2' reported SUCCESS.
2025-05-26 20:35:52,516 - Node 4 - INFO - Client 4 initiating 'GET' for key: testKey4_1
2025-05-26 20:35:52,517 - Node 4 - INFO - Client 4 initiating 'GET' for key: testKey5_1
2025-05-26 20:35:52,517 - Node 4 - INFO - Client 4 preference list for 'GET': [np.int64(4), np.int64(2), np.int64(1)]
2025-05-26 20:35:52,517 - Node 4 - INFO - Helper 4 received get request from 3 to return valueForNode0 for key testKey0_1
2025-05-26 20:35:52,517 - Node 4 - INFO - Helper 4 received get request from 5 to return valueForNode3 for key testKey3_1
2025-05-26 20:35:52,521 - Node 4 - INFO - Client 4 received final response for GET key 'testKey4_1': Status SUCCESS, Value: True
2025-05-26 20:35:52,521 - Node 4 - INFO - Node 4: GET for 'testKey4_1' PASS. Value: '['valueForNode4', 'valueForNode4', 'valueForNode4']'
2025-05-26 20:35:52,521 - Node 4 - INFO - Client 4 initiating 'GET' for key: testKey4_2
2025-05-26 20:35:52,525 - Node 4 - INFO - Helper 4 received get request from 0 to return [1, 2, 3] for key testKey1_2
2025-05-26 20:35:52,525 - Node 4 - INFO - Helper 4 received get request from 3 to return [4, 5, 6] for key testKey4_2
2025-05-26 20:35:52,528 - Node 4 - INFO - Client 4 received final response for GET key 'testKey4_2': Status SUCCESS, Value: True
2025-05-26 20:35:52,528 - Node 4 - INFO - Node 4: GET for 'testKey4_2' PASS. Value: '[[4, 5, 6], [4, 5, 6], [4, 5, 6]]'
2025-05-26 20:35:52,528 - Node 4 - INFO - Stopping heartbeat thread
2025-05-26 20:35:52,534 - Node 4 - INFO - Heartbeat thread stopped
2025-05-26 20:35:52,534 - Node 4 - INFO - Stopping database thread
2025-05-26 20:35:53,517 - Node 4 - INFO - for client local lookup retrieved: valueForNode5
2025-05-26 20:35:53,518 - Node 4 - INFO - Client thread stopped.
2025-05-26 20:35:53,518 - Node 4 - INFO - Stopping database thread
2025-05-26 20:35:53,526 - Node 4 - INFO - Helper thread stopped.
