2025-05-21 22:08:17,341 - Node 1 - INFO - Heartbeat thread started
2025-05-21 22:08:17,341 - Node 1 - INFO - Server initialized with heartbeat thread
2025-05-21 22:08:22,345 - Node 1 - INFO - Node 1: Neighbors [4, 5, 2, 3]
2025-05-21 22:08:22,345 - Node 1 - INFO - Node 1: Live nodes after 5s: [0, 1, 2, 3, 4, 5]
2025-05-21 22:08:22,345 - Node 1 - INFO - Node 1: Heartbeat table details:
2025-05-21 22:08:22,345 - Node 1 - INFO -   Node 0: Counter=19, Alive=True, Time=1747890501.896501
2025-05-21 22:08:22,345 - Node 1 - INFO -   Node 1: Counter=20, Alive=True, Time=1747890502.149516
2025-05-21 22:08:22,345 - Node 1 - INFO -   Node 2: Counter=19, Alive=True, Time=1747890501.896516
2025-05-21 22:08:22,345 - Node 1 - INFO -   Node 3: Counter=19, Alive=True, Time=1747890501.896517
2025-05-21 22:08:22,346 - Node 1 - INFO -   Node 4: Counter=19, Alive=True, Time=1747890501.896516
2025-05-21 22:08:22,346 - Node 1 - INFO -   Node 5: Counter=18, Alive=True, Time=1747890501.641234
2025-05-21 22:08:32,347 - Node 1 - INFO - Node 1: Live nodes after failure: [0, 1, 3, 4, 5]
2025-05-21 22:08:32,348 - Node 1 - INFO - Node 1: PASS - Node 2 correctly identified as dead
2025-05-21 22:08:32,348 - Node 1 - INFO - Node 1: Heartbeat table details:
2025-05-21 22:08:32,348 - Node 1 - INFO -   Node 0: Counter=60, Alive=True, Time=1747890512.2797282
2025-05-21 22:08:32,348 - Node 1 - INFO -   Node 1: Counter=60, Alive=True, Time=1747890512.286666
2025-05-21 22:08:32,349 - Node 1 - INFO -   Node 3: Counter=60, Alive=True, Time=1747890512.279704
2025-05-21 22:08:32,349 - Node 1 - INFO -   Node 4: Counter=60, Alive=True, Time=1747890512.2797298
2025-05-21 22:08:32,349 - Node 1 - INFO -   Node 5: Counter=60, Alive=True, Time=1747890512.279714
2025-05-21 22:08:32,349 - Node 1 - INFO - Stopping heartbeat thread
2025-05-21 22:08:32,539 - Node 1 - INFO - Heartbeat thread stopped
